ERROR - 2022-09-28 11:28:37 --> Column 'subject_category' in field list is ambiguous
CRITICAL - 2022-09-28 11:28:37 --> Column 'subject_category' in field list is ambiguous
#0 C:\xampp1\htdocs\learnotronix\vendor\codeigniter4\framework\system\Database\MySQLi\Connection.php(329): mysqli->query('SELECT `course_...')
#1 C:\xampp1\htdocs\learnotronix\vendor\codeigniter4\framework\system\Database\BaseConnection.php(732): CodeIgniter\Database\MySQLi\Connection->execute('SELECT `course_...')
#2 C:\xampp1\htdocs\learnotronix\vendor\codeigniter4\framework\system\Database\BaseConnection.php(647): CodeIgniter\Database\BaseConnection->simpleQuery('SELECT `course_...')
#3 C:\xampp1\htdocs\learnotronix\vendor\codeigniter4\framework\system\Database\BaseBuilder.php(1881): CodeIgniter\Database\BaseConnection->query('SELECT `course_...', Array, false)
#4 C:\xampp1\htdocs\learnotronix\app\Models\Api\V1\Admin\CoursesModel.php(111): CodeIgniter\Database\BaseBuilder->get()
#5 C:\xampp1\htdocs\learnotronix\app\Controllers\api\v1\trainer\TrainerController.php(205): App\Models\Api\V1\Admin\CoursesModel->getAllTrainersCourses('6')
#6 C:\xampp1\htdocs\learnotronix\vendor\codeigniter4\framework\system\CodeIgniter.php(931): App\Controllers\api\v1\trainer\TrainerController->getAllTrainerCourse()
#7 C:\xampp1\htdocs\learnotronix\vendor\codeigniter4\framework\system\CodeIgniter.php(439): CodeIgniter\CodeIgniter->runController(Object(App\Controllers\api\v1\trainer\TrainerController))
#8 C:\xampp1\htdocs\learnotronix\vendor\codeigniter4\framework\system\CodeIgniter.php(339): CodeIgniter\CodeIgniter->handleRequest(NULL, Object(Config\Cache), false)
#9 C:\xampp1\htdocs\learnotronix\index.php(36): CodeIgniter\CodeIgniter->run()
#10 {main}
ERROR - 2022-09-28 11:29:02 --> Column 'created_date' in field list is ambiguous
CRITICAL - 2022-09-28 11:29:02 --> Column 'created_date' in field list is ambiguous
#0 C:\xampp1\htdocs\learnotronix\vendor\codeigniter4\framework\system\Database\MySQLi\Connection.php(329): mysqli->query('SELECT `course_...')
#1 C:\xampp1\htdocs\learnotronix\vendor\codeigniter4\framework\system\Database\BaseConnection.php(732): CodeIgniter\Database\MySQLi\Connection->execute('SELECT `course_...')
#2 C:\xampp1\htdocs\learnotronix\vendor\codeigniter4\framework\system\Database\BaseConnection.php(647): CodeIgniter\Database\BaseConnection->simpleQuery('SELECT `course_...')
#3 C:\xampp1\htdocs\learnotronix\vendor\codeigniter4\framework\system\Database\BaseBuilder.php(1881): CodeIgniter\Database\BaseConnection->query('SELECT `course_...', Array, false)
#4 C:\xampp1\htdocs\learnotronix\app\Models\Api\V1\Admin\CoursesModel.php(111): CodeIgniter\Database\BaseBuilder->get()
#5 C:\xampp1\htdocs\learnotronix\app\Controllers\api\v1\trainer\TrainerController.php(205): App\Models\Api\V1\Admin\CoursesModel->getAllTrainersCourses('6')
#6 C:\xampp1\htdocs\learnotronix\vendor\codeigniter4\framework\system\CodeIgniter.php(931): App\Controllers\api\v1\trainer\TrainerController->getAllTrainerCourse()
#7 C:\xampp1\htdocs\learnotronix\vendor\codeigniter4\framework\system\CodeIgniter.php(439): CodeIgniter\CodeIgniter->runController(Object(App\Controllers\api\v1\trainer\TrainerController))
#8 C:\xampp1\htdocs\learnotronix\vendor\codeigniter4\framework\system\CodeIgniter.php(339): CodeIgniter\CodeIgniter->handleRequest(NULL, Object(Config\Cache), false)
#9 C:\xampp1\htdocs\learnotronix\index.php(36): CodeIgniter\CodeIgniter->run()
#10 {main}
CRITICAL - 2022-09-28 13:02:31 --> unlink(C:\xampp1\htdocs\learnotronix\writable\debugbar/debugbar_1664350106.json): No such file or directory
#0 [internal function]: CodeIgniter\Debug\Exceptions->errorHandler(2, 'unlink(C:\\xampp...', 'C:\\xampp1\\htdoc...', 78, Array)
#1 C:\xampp1\htdocs\learnotronix\vendor\codeigniter4\framework\system\Debug\Toolbar\Collectors\History.php(78): unlink('C:\\xampp1\\htdoc...')
#2 C:\xampp1\htdocs\learnotronix\vendor\codeigniter4\framework\system\Debug\Toolbar.php(480): CodeIgniter\Debug\Toolbar\Collectors\History->setFiles(1664350333, 20)
#3 C:\xampp1\htdocs\learnotronix\vendor\codeigniter4\framework\system\Debug\Toolbar.php(452): CodeIgniter\Debug\Toolbar->format(Array, 'html')
#4 C:\xampp1\htdocs\learnotronix\app\Config\Events.php(52): CodeIgniter\Debug\Toolbar->respond()
#5 [internal function]: CodeIgniter\Events\Events::Config\{closure}()
#6 C:\xampp1\htdocs\learnotronix\vendor\codeigniter4\framework\system\Events\Events.php(166): call_user_func(Object(Closure))
#7 C:\xampp1\htdocs\learnotronix\vendor\codeigniter4\framework\system\CodeIgniter.php(319): CodeIgniter\Events\Events::trigger('pre_system')
#8 C:\xampp1\htdocs\learnotronix\index.php(36): CodeIgniter\CodeIgniter->run()
#9 {main}
CRITICAL - 2022-09-28 14:47:55 --> Undefined index: full_name
#0 C:\xampp1\htdocs\learnotronix\app\Controllers\api\v1\Admin\TrainerController.php(151): CodeIgniter\Debug\Exceptions->errorHandler(8, 'Undefined index...', 'C:\\xampp1\\htdoc...', 151, Array)
#1 C:\xampp1\htdocs\learnotronix\vendor\codeigniter4\framework\system\CodeIgniter.php(931): App\Controllers\api\v1\Admin\TrainerController->verifyTrainer()
#2 C:\xampp1\htdocs\learnotronix\vendor\codeigniter4\framework\system\CodeIgniter.php(439): CodeIgniter\CodeIgniter->runController(Object(App\Controllers\api\v1\Admin\TrainerController))
#3 C:\xampp1\htdocs\learnotronix\vendor\codeigniter4\framework\system\CodeIgniter.php(339): CodeIgniter\CodeIgniter->handleRequest(NULL, Object(Config\Cache), false)
#4 C:\xampp1\htdocs\learnotronix\index.php(36): CodeIgniter\CodeIgniter->run()
#5 {main}
CRITICAL - 2022-09-28 15:11:52 --> The action you requested is not allowed.
#0 C:\xampp1\htdocs\learnotronix\vendor\codeigniter4\framework\system\Security\Security.php(240): CodeIgniter\Security\Exceptions\SecurityException::forDisallowedAction()
#1 C:\xampp1\htdocs\learnotronix\vendor\codeigniter4\framework\system\Filters\CSRF.php(57): CodeIgniter\Security\Security->verify(Object(CodeIgniter\HTTP\IncomingRequest))
#2 C:\xampp1\htdocs\learnotronix\vendor\codeigniter4\framework\system\Filters\Filters.php(181): CodeIgniter\Filters\CSRF->before(Object(CodeIgniter\HTTP\IncomingRequest), NULL)
#3 C:\xampp1\htdocs\learnotronix\vendor\codeigniter4\framework\system\CodeIgniter.php(410): CodeIgniter\Filters\Filters->run('register/auth', 'before')
#4 C:\xampp1\htdocs\learnotronix\vendor\codeigniter4\framework\system\CodeIgniter.php(339): CodeIgniter\CodeIgniter->handleRequest(NULL, Object(Config\Cache), false)
#5 C:\xampp1\htdocs\learnotronix\index.php(36): CodeIgniter\CodeIgniter->run()
#6 {main}
CRITICAL - 2022-09-28 15:17:41 --> The action you requested is not allowed.
#0 C:\xampp1\htdocs\learnotronix\vendor\codeigniter4\framework\system\Security\Security.php(240): CodeIgniter\Security\Exceptions\SecurityException::forDisallowedAction()
#1 C:\xampp1\htdocs\learnotronix\vendor\codeigniter4\framework\system\Filters\CSRF.php(57): CodeIgniter\Security\Security->verify(Object(CodeIgniter\HTTP\IncomingRequest))
#2 C:\xampp1\htdocs\learnotronix\vendor\codeigniter4\framework\system\Filters\Filters.php(181): CodeIgniter\Filters\CSRF->before(Object(CodeIgniter\HTTP\IncomingRequest), NULL)
#3 C:\xampp1\htdocs\learnotronix\vendor\codeigniter4\framework\system\CodeIgniter.php(410): CodeIgniter\Filters\Filters->run('register/auth', 'before')
#4 C:\xampp1\htdocs\learnotronix\vendor\codeigniter4\framework\system\CodeIgniter.php(339): CodeIgniter\CodeIgniter->handleRequest(NULL, Object(Config\Cache), false)
#5 C:\xampp1\htdocs\learnotronix\index.php(36): CodeIgniter\CodeIgniter->run()
#6 {main}
CRITICAL - 2022-09-28 15:24:04 --> The action you requested is not allowed.
#0 C:\xampp1\htdocs\learnotronix\vendor\codeigniter4\framework\system\Security\Security.php(240): CodeIgniter\Security\Exceptions\SecurityException::forDisallowedAction()
#1 C:\xampp1\htdocs\learnotronix\vendor\codeigniter4\framework\system\Filters\CSRF.php(57): CodeIgniter\Security\Security->verify(Object(CodeIgniter\HTTP\IncomingRequest))
#2 C:\xampp1\htdocs\learnotronix\vendor\codeigniter4\framework\system\Filters\Filters.php(181): CodeIgniter\Filters\CSRF->before(Object(CodeIgniter\HTTP\IncomingRequest), NULL)
#3 C:\xampp1\htdocs\learnotronix\vendor\codeigniter4\framework\system\CodeIgniter.php(410): CodeIgniter\Filters\Filters->run('reset/passowrd/...', 'before')
#4 C:\xampp1\htdocs\learnotronix\vendor\codeigniter4\framework\system\CodeIgniter.php(339): CodeIgniter\CodeIgniter->handleRequest(NULL, Object(Config\Cache), false)
#5 C:\xampp1\htdocs\learnotronix\index.php(36): CodeIgniter\CodeIgniter->run()
#6 {main}
CRITICAL - 2022-09-28 15:26:06 --> Undefined variable: response
#0 C:\xampp1\htdocs\learnotronix\app\Controllers\api\v1\UserController.php(1033): CodeIgniter\Debug\Exceptions->errorHandler(8, 'Undefined varia...', 'C:\\xampp1\\htdoc...', 1033, Array)
#1 C:\xampp1\htdocs\learnotronix\vendor\codeigniter4\framework\system\CodeIgniter.php(931): App\Controllers\api\v1\UserController->resetPasswordAuthUser()
#2 C:\xampp1\htdocs\learnotronix\vendor\codeigniter4\framework\system\CodeIgniter.php(439): CodeIgniter\CodeIgniter->runController(Object(App\Controllers\api\v1\UserController))
#3 C:\xampp1\htdocs\learnotronix\vendor\codeigniter4\framework\system\CodeIgniter.php(339): CodeIgniter\CodeIgniter->handleRequest(NULL, Object(Config\Cache), false)
#4 C:\xampp1\htdocs\learnotronix\index.php(36): CodeIgniter\CodeIgniter->run()
#5 {main}
CRITICAL - 2022-09-28 15:55:04 --> The action you requested is not allowed.
#0 C:\xampp1\htdocs\learnotronix\vendor\codeigniter4\framework\system\Security\Security.php(240): CodeIgniter\Security\Exceptions\SecurityException::forDisallowedAction()
#1 C:\xampp1\htdocs\learnotronix\vendor\codeigniter4\framework\system\Filters\CSRF.php(57): CodeIgniter\Security\Security->verify(Object(CodeIgniter\HTTP\IncomingRequest))
#2 C:\xampp1\htdocs\learnotronix\vendor\codeigniter4\framework\system\Filters\Filters.php(181): CodeIgniter\Filters\CSRF->before(Object(CodeIgniter\HTTP\IncomingRequest), NULL)
#3 C:\xampp1\htdocs\learnotronix\vendor\codeigniter4\framework\system\CodeIgniter.php(410): CodeIgniter\Filters\Filters->run('forgote/passowr...', 'before')
#4 C:\xampp1\htdocs\learnotronix\vendor\codeigniter4\framework\system\CodeIgniter.php(339): CodeIgniter\CodeIgniter->handleRequest(NULL, Object(Config\Cache), false)
#5 C:\xampp1\htdocs\learnotronix\index.php(36): CodeIgniter\CodeIgniter->run()
#6 {main}
CRITICAL - 2022-09-28 16:37:43 --> Undefined variable: result
#0 C:\xampp1\htdocs\learnotronix\app\Views\frontend\v1\student\search.php(17): CodeIgniter\Debug\Exceptions->errorHandler(8, 'Undefined varia...', 'C:\\xampp1\\htdoc...', 17, Array)
#1 C:\xampp1\htdocs\learnotronix\vendor\codeigniter4\framework\system\View\View.php(230): include('C:\\xampp1\\htdoc...')
#2 C:\xampp1\htdocs\learnotronix\vendor\codeigniter4\framework\system\View\View.php(232): CodeIgniter\View\View->CodeIgniter\View\{closure}()
#3 C:\xampp1\htdocs\learnotronix\vendor\codeigniter4\framework\system\Common.php(1250): CodeIgniter\View\View->render('frontend/v1/stu...', Array, true)
#4 C:\xampp1\htdocs\learnotronix\app\Controllers\frontend\v1\student\StudentController.php(210): view('frontend/v1/stu...', Array)
#5 C:\xampp1\htdocs\learnotronix\vendor\codeigniter4\framework\system\CodeIgniter.php(931): App\Controllers\frontend\v1\student\StudentController->searchCourseData()
#6 C:\xampp1\htdocs\learnotronix\vendor\codeigniter4\framework\system\CodeIgniter.php(439): CodeIgniter\CodeIgniter->runController(Object(App\Controllers\frontend\v1\student\StudentController))
#7 C:\xampp1\htdocs\learnotronix\vendor\codeigniter4\framework\system\CodeIgniter.php(339): CodeIgniter\CodeIgniter->handleRequest(NULL, Object(Config\Cache), false)
#8 C:\xampp1\htdocs\learnotronix\index.php(36): CodeIgniter\CodeIgniter->run()
#9 {main}
CRITICAL - 2022-09-28 17:43:13 --> Undefined variable: 
#0 C:\xampp1\htdocs\learnotronix\app\Controllers\api\v1\UserController.php(608): CodeIgniter\Debug\Exceptions->errorHandler(8, 'Undefined varia...', 'C:\\xampp1\\htdoc...', 608, Array)
#1 C:\xampp1\htdocs\learnotronix\vendor\codeigniter4\framework\system\CodeIgniter.php(931): App\Controllers\api\v1\UserController->createAuthUser()
#2 C:\xampp1\htdocs\learnotronix\vendor\codeigniter4\framework\system\CodeIgniter.php(439): CodeIgniter\CodeIgniter->runController(Object(App\Controllers\api\v1\UserController))
#3 C:\xampp1\htdocs\learnotronix\vendor\codeigniter4\framework\system\CodeIgniter.php(339): CodeIgniter\CodeIgniter->handleRequest(NULL, Object(Config\Cache), false)
#4 C:\xampp1\htdocs\learnotronix\index.php(36): CodeIgniter\CodeIgniter->run()
#5 {main}
CRITICAL - 2022-09-28 17:43:27 --> Undefined variable: ac@gmail.com
#0 C:\xampp1\htdocs\learnotronix\app\Controllers\api\v1\UserController.php(608): CodeIgniter\Debug\Exceptions->errorHandler(8, 'Undefined varia...', 'C:\\xampp1\\htdoc...', 608, Array)
#1 C:\xampp1\htdocs\learnotronix\vendor\codeigniter4\framework\system\CodeIgniter.php(931): App\Controllers\api\v1\UserController->createAuthUser()
#2 C:\xampp1\htdocs\learnotronix\vendor\codeigniter4\framework\system\CodeIgniter.php(439): CodeIgniter\CodeIgniter->runController(Object(App\Controllers\api\v1\UserController))
#3 C:\xampp1\htdocs\learnotronix\vendor\codeigniter4\framework\system\CodeIgniter.php(339): CodeIgniter\CodeIgniter->handleRequest(NULL, Object(Config\Cache), false)
#4 C:\xampp1\htdocs\learnotronix\index.php(36): CodeIgniter\CodeIgniter->run()
#5 {main}
CRITICAL - 2022-09-28 17:44:33 --> The action you requested is not allowed.
#0 C:\xampp1\htdocs\learnotronix\vendor\codeigniter4\framework\system\Security\Security.php(240): CodeIgniter\Security\Exceptions\SecurityException::forDisallowedAction()
#1 C:\xampp1\htdocs\learnotronix\vendor\codeigniter4\framework\system\Filters\CSRF.php(57): CodeIgniter\Security\Security->verify(Object(CodeIgniter\HTTP\IncomingRequest))
#2 C:\xampp1\htdocs\learnotronix\vendor\codeigniter4\framework\system\Filters\Filters.php(181): CodeIgniter\Filters\CSRF->before(Object(CodeIgniter\HTTP\IncomingRequest), NULL)
#3 C:\xampp1\htdocs\learnotronix\vendor\codeigniter4\framework\system\CodeIgniter.php(410): CodeIgniter\Filters\Filters->run('register/auth', 'before')
#4 C:\xampp1\htdocs\learnotronix\vendor\codeigniter4\framework\system\CodeIgniter.php(339): CodeIgniter\CodeIgniter->handleRequest(NULL, Object(Config\Cache), false)
#5 C:\xampp1\htdocs\learnotronix\index.php(36): CodeIgniter\CodeIgniter->run()
#6 {main}
CRITICAL - 2022-09-28 17:44:51 --> The action you requested is not allowed.
#0 C:\xampp1\htdocs\learnotronix\vendor\codeigniter4\framework\system\Security\Security.php(240): CodeIgniter\Security\Exceptions\SecurityException::forDisallowedAction()
#1 C:\xampp1\htdocs\learnotronix\vendor\codeigniter4\framework\system\Filters\CSRF.php(57): CodeIgniter\Security\Security->verify(Object(CodeIgniter\HTTP\IncomingRequest))
#2 C:\xampp1\htdocs\learnotronix\vendor\codeigniter4\framework\system\Filters\Filters.php(181): CodeIgniter\Filters\CSRF->before(Object(CodeIgniter\HTTP\IncomingRequest), NULL)
#3 C:\xampp1\htdocs\learnotronix\vendor\codeigniter4\framework\system\CodeIgniter.php(410): CodeIgniter\Filters\Filters->run('register/auth', 'before')
#4 C:\xampp1\htdocs\learnotronix\vendor\codeigniter4\framework\system\CodeIgniter.php(339): CodeIgniter\CodeIgniter->handleRequest(NULL, Object(Config\Cache), false)
#5 C:\xampp1\htdocs\learnotronix\index.php(36): CodeIgniter\CodeIgniter->run()
#6 {main}
