CRITICAL - 2022-09-19 10:19:43 --> syntax error, unexpected '?>'
#0 C:\xampp1\htdocs\learnotronix\vendor\codeigniter4\framework\system\View\View.php(232): CodeIgniter\View\View->CodeIgniter\View\{closure}()
#1 C:\xampp1\htdocs\learnotronix\vendor\codeigniter4\framework\system\Common.php(1250): CodeIgniter\View\View->render('frontend/v1/stu...', Array, true)
#2 C:\xampp1\htdocs\learnotronix\app\Controllers\frontend\v1\student\StudentController.php(68): view('frontend/v1/stu...', Array)
#3 C:\xampp1\htdocs\learnotronix\vendor\codeigniter4\framework\system\CodeIgniter.php(931): App\Controllers\frontend\v1\student\StudentController->purchasedDetails()
#4 C:\xampp1\htdocs\learnotronix\vendor\codeigniter4\framework\system\CodeIgniter.php(439): CodeIgniter\CodeIgniter->runController(Object(App\Controllers\frontend\v1\student\StudentController))
#5 C:\xampp1\htdocs\learnotronix\vendor\codeigniter4\framework\system\CodeIgniter.php(339): CodeIgniter\CodeIgniter->handleRequest(NULL, Object(Config\Cache), false)
#6 C:\xampp1\htdocs\learnotronix\index.php(36): CodeIgniter\CodeIgniter->run()
#7 {main}
CRITICAL - 2022-09-19 10:20:40 --> syntax error, unexpected 'indexed' (T_STRING), expecting ')'
#0 C:\xampp1\htdocs\learnotronix\vendor\codeigniter4\framework\system\View\View.php(232): CodeIgniter\View\View->CodeIgniter\View\{closure}()
#1 C:\xampp1\htdocs\learnotronix\vendor\codeigniter4\framework\system\Common.php(1250): CodeIgniter\View\View->render('frontend/v1/stu...', Array, true)
#2 C:\xampp1\htdocs\learnotronix\app\Controllers\frontend\v1\student\StudentController.php(68): view('frontend/v1/stu...', Array)
#3 C:\xampp1\htdocs\learnotronix\vendor\codeigniter4\framework\system\CodeIgniter.php(931): App\Controllers\frontend\v1\student\StudentController->purchasedDetails()
#4 C:\xampp1\htdocs\learnotronix\vendor\codeigniter4\framework\system\CodeIgniter.php(439): CodeIgniter\CodeIgniter->runController(Object(App\Controllers\frontend\v1\student\StudentController))
#5 C:\xampp1\htdocs\learnotronix\vendor\codeigniter4\framework\system\CodeIgniter.php(339): CodeIgniter\CodeIgniter->handleRequest(NULL, Object(Config\Cache), false)
#6 C:\xampp1\htdocs\learnotronix\index.php(36): CodeIgniter\CodeIgniter->run()
#7 {main}
CRITICAL - 2022-09-19 14:24:39 --> The action you requested is not allowed.
#0 C:\xampp1\htdocs\learnotronix\vendor\codeigniter4\framework\system\Security\Security.php(240): CodeIgniter\Security\Exceptions\SecurityException::forDisallowedAction()
#1 C:\xampp1\htdocs\learnotronix\vendor\codeigniter4\framework\system\Filters\CSRF.php(57): CodeIgniter\Security\Security->verify(Object(CodeIgniter\HTTP\IncomingRequest))
#2 C:\xampp1\htdocs\learnotronix\vendor\codeigniter4\framework\system\Filters\Filters.php(181): CodeIgniter\Filters\CSRF->before(Object(CodeIgniter\HTTP\IncomingRequest), NULL)
#3 C:\xampp1\htdocs\learnotronix\vendor\codeigniter4\framework\system\CodeIgniter.php(410): CodeIgniter\Filters\Filters->run('user/add-bookma...', 'before')
#4 C:\xampp1\htdocs\learnotronix\vendor\codeigniter4\framework\system\CodeIgniter.php(339): CodeIgniter\CodeIgniter->handleRequest(NULL, Object(Config\Cache), false)
#5 C:\xampp1\htdocs\learnotronix\index.php(36): CodeIgniter\CodeIgniter->run()
#6 {main}
CRITICAL - 2022-09-19 14:25:40 --> The action you requested is not allowed.
#0 C:\xampp1\htdocs\learnotronix\vendor\codeigniter4\framework\system\Security\Security.php(240): CodeIgniter\Security\Exceptions\SecurityException::forDisallowedAction()
#1 C:\xampp1\htdocs\learnotronix\vendor\codeigniter4\framework\system\Filters\CSRF.php(57): CodeIgniter\Security\Security->verify(Object(CodeIgniter\HTTP\IncomingRequest))
#2 C:\xampp1\htdocs\learnotronix\vendor\codeigniter4\framework\system\Filters\Filters.php(181): CodeIgniter\Filters\CSRF->before(Object(CodeIgniter\HTTP\IncomingRequest), NULL)
#3 C:\xampp1\htdocs\learnotronix\vendor\codeigniter4\framework\system\CodeIgniter.php(410): CodeIgniter\Filters\Filters->run('user/add-bookma...', 'before')
#4 C:\xampp1\htdocs\learnotronix\vendor\codeigniter4\framework\system\CodeIgniter.php(339): CodeIgniter\CodeIgniter->handleRequest(NULL, Object(Config\Cache), false)
#5 C:\xampp1\htdocs\learnotronix\index.php(36): CodeIgniter\CodeIgniter->run()
#6 {main}
CRITICAL - 2022-09-19 14:25:41 --> The action you requested is not allowed.
#0 C:\xampp1\htdocs\learnotronix\vendor\codeigniter4\framework\system\Security\Security.php(240): CodeIgniter\Security\Exceptions\SecurityException::forDisallowedAction()
#1 C:\xampp1\htdocs\learnotronix\vendor\codeigniter4\framework\system\Filters\CSRF.php(57): CodeIgniter\Security\Security->verify(Object(CodeIgniter\HTTP\IncomingRequest))
#2 C:\xampp1\htdocs\learnotronix\vendor\codeigniter4\framework\system\Filters\Filters.php(181): CodeIgniter\Filters\CSRF->before(Object(CodeIgniter\HTTP\IncomingRequest), NULL)
#3 C:\xampp1\htdocs\learnotronix\vendor\codeigniter4\framework\system\CodeIgniter.php(410): CodeIgniter\Filters\Filters->run('user/add-bookma...', 'before')
#4 C:\xampp1\htdocs\learnotronix\vendor\codeigniter4\framework\system\CodeIgniter.php(339): CodeIgniter\CodeIgniter->handleRequest(NULL, Object(Config\Cache), false)
#5 C:\xampp1\htdocs\learnotronix\index.php(36): CodeIgniter\CodeIgniter->run()
#6 {main}
CRITICAL - 2022-09-19 14:25:41 --> The action you requested is not allowed.
#0 C:\xampp1\htdocs\learnotronix\vendor\codeigniter4\framework\system\Security\Security.php(240): CodeIgniter\Security\Exceptions\SecurityException::forDisallowedAction()
#1 C:\xampp1\htdocs\learnotronix\vendor\codeigniter4\framework\system\Filters\CSRF.php(57): CodeIgniter\Security\Security->verify(Object(CodeIgniter\HTTP\IncomingRequest))
#2 C:\xampp1\htdocs\learnotronix\vendor\codeigniter4\framework\system\Filters\Filters.php(181): CodeIgniter\Filters\CSRF->before(Object(CodeIgniter\HTTP\IncomingRequest), NULL)
#3 C:\xampp1\htdocs\learnotronix\vendor\codeigniter4\framework\system\CodeIgniter.php(410): CodeIgniter\Filters\Filters->run('user/add-bookma...', 'before')
#4 C:\xampp1\htdocs\learnotronix\vendor\codeigniter4\framework\system\CodeIgniter.php(339): CodeIgniter\CodeIgniter->handleRequest(NULL, Object(Config\Cache), false)
#5 C:\xampp1\htdocs\learnotronix\index.php(36): CodeIgniter\CodeIgniter->run()
#6 {main}
CRITICAL - 2022-09-19 14:25:41 --> The action you requested is not allowed.
#0 C:\xampp1\htdocs\learnotronix\vendor\codeigniter4\framework\system\Security\Security.php(240): CodeIgniter\Security\Exceptions\SecurityException::forDisallowedAction()
#1 C:\xampp1\htdocs\learnotronix\vendor\codeigniter4\framework\system\Filters\CSRF.php(57): CodeIgniter\Security\Security->verify(Object(CodeIgniter\HTTP\IncomingRequest))
#2 C:\xampp1\htdocs\learnotronix\vendor\codeigniter4\framework\system\Filters\Filters.php(181): CodeIgniter\Filters\CSRF->before(Object(CodeIgniter\HTTP\IncomingRequest), NULL)
#3 C:\xampp1\htdocs\learnotronix\vendor\codeigniter4\framework\system\CodeIgniter.php(410): CodeIgniter\Filters\Filters->run('user/add-bookma...', 'before')
#4 C:\xampp1\htdocs\learnotronix\vendor\codeigniter4\framework\system\CodeIgniter.php(339): CodeIgniter\CodeIgniter->handleRequest(NULL, Object(Config\Cache), false)
#5 C:\xampp1\htdocs\learnotronix\index.php(36): CodeIgniter\CodeIgniter->run()
#6 {main}
CRITICAL - 2022-09-19 14:25:41 --> The action you requested is not allowed.
#0 C:\xampp1\htdocs\learnotronix\vendor\codeigniter4\framework\system\Security\Security.php(240): CodeIgniter\Security\Exceptions\SecurityException::forDisallowedAction()
#1 C:\xampp1\htdocs\learnotronix\vendor\codeigniter4\framework\system\Filters\CSRF.php(57): CodeIgniter\Security\Security->verify(Object(CodeIgniter\HTTP\IncomingRequest))
#2 C:\xampp1\htdocs\learnotronix\vendor\codeigniter4\framework\system\Filters\Filters.php(181): CodeIgniter\Filters\CSRF->before(Object(CodeIgniter\HTTP\IncomingRequest), NULL)
#3 C:\xampp1\htdocs\learnotronix\vendor\codeigniter4\framework\system\CodeIgniter.php(410): CodeIgniter\Filters\Filters->run('user/add-bookma...', 'before')
#4 C:\xampp1\htdocs\learnotronix\vendor\codeigniter4\framework\system\CodeIgniter.php(339): CodeIgniter\CodeIgniter->handleRequest(NULL, Object(Config\Cache), false)
#5 C:\xampp1\htdocs\learnotronix\index.php(36): CodeIgniter\CodeIgniter->run()
#6 {main}
CRITICAL - 2022-09-19 14:26:25 --> The action you requested is not allowed.
#0 C:\xampp1\htdocs\learnotronix\vendor\codeigniter4\framework\system\Security\Security.php(240): CodeIgniter\Security\Exceptions\SecurityException::forDisallowedAction()
#1 C:\xampp1\htdocs\learnotronix\vendor\codeigniter4\framework\system\Filters\CSRF.php(57): CodeIgniter\Security\Security->verify(Object(CodeIgniter\HTTP\IncomingRequest))
#2 C:\xampp1\htdocs\learnotronix\vendor\codeigniter4\framework\system\Filters\Filters.php(181): CodeIgniter\Filters\CSRF->before(Object(CodeIgniter\HTTP\IncomingRequest), NULL)
#3 C:\xampp1\htdocs\learnotronix\vendor\codeigniter4\framework\system\CodeIgniter.php(410): CodeIgniter\Filters\Filters->run('user/add-bookma...', 'before')
#4 C:\xampp1\htdocs\learnotronix\vendor\codeigniter4\framework\system\CodeIgniter.php(339): CodeIgniter\CodeIgniter->handleRequest(NULL, Object(Config\Cache), false)
#5 C:\xampp1\htdocs\learnotronix\index.php(36): CodeIgniter\CodeIgniter->run()
#6 {main}
CRITICAL - 2022-09-19 14:27:06 --> The action you requested is not allowed.
#0 C:\xampp1\htdocs\learnotronix\vendor\codeigniter4\framework\system\Security\Security.php(240): CodeIgniter\Security\Exceptions\SecurityException::forDisallowedAction()
#1 C:\xampp1\htdocs\learnotronix\vendor\codeigniter4\framework\system\Filters\CSRF.php(57): CodeIgniter\Security\Security->verify(Object(CodeIgniter\HTTP\IncomingRequest))
#2 C:\xampp1\htdocs\learnotronix\vendor\codeigniter4\framework\system\Filters\Filters.php(181): CodeIgniter\Filters\CSRF->before(Object(CodeIgniter\HTTP\IncomingRequest), NULL)
#3 C:\xampp1\htdocs\learnotronix\vendor\codeigniter4\framework\system\CodeIgniter.php(410): CodeIgniter\Filters\Filters->run('user/add-bookma...', 'before')
#4 C:\xampp1\htdocs\learnotronix\vendor\codeigniter4\framework\system\CodeIgniter.php(339): CodeIgniter\CodeIgniter->handleRequest(NULL, Object(Config\Cache), false)
#5 C:\xampp1\htdocs\learnotronix\index.php(36): CodeIgniter\CodeIgniter->run()
#6 {main}
CRITICAL - 2022-09-19 14:30:47 --> The action you requested is not allowed.
#0 C:\xampp1\htdocs\learnotronix\vendor\codeigniter4\framework\system\Security\Security.php(240): CodeIgniter\Security\Exceptions\SecurityException::forDisallowedAction()
#1 C:\xampp1\htdocs\learnotronix\vendor\codeigniter4\framework\system\Filters\CSRF.php(57): CodeIgniter\Security\Security->verify(Object(CodeIgniter\HTTP\IncomingRequest))
#2 C:\xampp1\htdocs\learnotronix\vendor\codeigniter4\framework\system\Filters\Filters.php(181): CodeIgniter\Filters\CSRF->before(Object(CodeIgniter\HTTP\IncomingRequest), NULL)
#3 C:\xampp1\htdocs\learnotronix\vendor\codeigniter4\framework\system\CodeIgniter.php(410): CodeIgniter\Filters\Filters->run('user/add-bookma...', 'before')
#4 C:\xampp1\htdocs\learnotronix\vendor\codeigniter4\framework\system\CodeIgniter.php(339): CodeIgniter\CodeIgniter->handleRequest(NULL, Object(Config\Cache), false)
#5 C:\xampp1\htdocs\learnotronix\index.php(36): CodeIgniter\CodeIgniter->run()
#6 {main}
CRITICAL - 2022-09-19 14:30:48 --> The action you requested is not allowed.
#0 C:\xampp1\htdocs\learnotronix\vendor\codeigniter4\framework\system\Security\Security.php(240): CodeIgniter\Security\Exceptions\SecurityException::forDisallowedAction()
#1 C:\xampp1\htdocs\learnotronix\vendor\codeigniter4\framework\system\Filters\CSRF.php(57): CodeIgniter\Security\Security->verify(Object(CodeIgniter\HTTP\IncomingRequest))
#2 C:\xampp1\htdocs\learnotronix\vendor\codeigniter4\framework\system\Filters\Filters.php(181): CodeIgniter\Filters\CSRF->before(Object(CodeIgniter\HTTP\IncomingRequest), NULL)
#3 C:\xampp1\htdocs\learnotronix\vendor\codeigniter4\framework\system\CodeIgniter.php(410): CodeIgniter\Filters\Filters->run('user/add-bookma...', 'before')
#4 C:\xampp1\htdocs\learnotronix\vendor\codeigniter4\framework\system\CodeIgniter.php(339): CodeIgniter\CodeIgniter->handleRequest(NULL, Object(Config\Cache), false)
#5 C:\xampp1\htdocs\learnotronix\index.php(36): CodeIgniter\CodeIgniter->run()
#6 {main}
CRITICAL - 2022-09-19 14:30:48 --> The action you requested is not allowed.
#0 C:\xampp1\htdocs\learnotronix\vendor\codeigniter4\framework\system\Security\Security.php(240): CodeIgniter\Security\Exceptions\SecurityException::forDisallowedAction()
#1 C:\xampp1\htdocs\learnotronix\vendor\codeigniter4\framework\system\Filters\CSRF.php(57): CodeIgniter\Security\Security->verify(Object(CodeIgniter\HTTP\IncomingRequest))
#2 C:\xampp1\htdocs\learnotronix\vendor\codeigniter4\framework\system\Filters\Filters.php(181): CodeIgniter\Filters\CSRF->before(Object(CodeIgniter\HTTP\IncomingRequest), NULL)
#3 C:\xampp1\htdocs\learnotronix\vendor\codeigniter4\framework\system\CodeIgniter.php(410): CodeIgniter\Filters\Filters->run('user/add-bookma...', 'before')
#4 C:\xampp1\htdocs\learnotronix\vendor\codeigniter4\framework\system\CodeIgniter.php(339): CodeIgniter\CodeIgniter->handleRequest(NULL, Object(Config\Cache), false)
#5 C:\xampp1\htdocs\learnotronix\index.php(36): CodeIgniter\CodeIgniter->run()
#6 {main}
CRITICAL - 2022-09-19 14:30:48 --> The action you requested is not allowed.
#0 C:\xampp1\htdocs\learnotronix\vendor\codeigniter4\framework\system\Security\Security.php(240): CodeIgniter\Security\Exceptions\SecurityException::forDisallowedAction()
#1 C:\xampp1\htdocs\learnotronix\vendor\codeigniter4\framework\system\Filters\CSRF.php(57): CodeIgniter\Security\Security->verify(Object(CodeIgniter\HTTP\IncomingRequest))
#2 C:\xampp1\htdocs\learnotronix\vendor\codeigniter4\framework\system\Filters\Filters.php(181): CodeIgniter\Filters\CSRF->before(Object(CodeIgniter\HTTP\IncomingRequest), NULL)
#3 C:\xampp1\htdocs\learnotronix\vendor\codeigniter4\framework\system\CodeIgniter.php(410): CodeIgniter\Filters\Filters->run('user/add-bookma...', 'before')
#4 C:\xampp1\htdocs\learnotronix\vendor\codeigniter4\framework\system\CodeIgniter.php(339): CodeIgniter\CodeIgniter->handleRequest(NULL, Object(Config\Cache), false)
#5 C:\xampp1\htdocs\learnotronix\index.php(36): CodeIgniter\CodeIgniter->run()
#6 {main}
CRITICAL - 2022-09-19 14:30:49 --> The action you requested is not allowed.
#0 C:\xampp1\htdocs\learnotronix\vendor\codeigniter4\framework\system\Security\Security.php(240): CodeIgniter\Security\Exceptions\SecurityException::forDisallowedAction()
#1 C:\xampp1\htdocs\learnotronix\vendor\codeigniter4\framework\system\Filters\CSRF.php(57): CodeIgniter\Security\Security->verify(Object(CodeIgniter\HTTP\IncomingRequest))
#2 C:\xampp1\htdocs\learnotronix\vendor\codeigniter4\framework\system\Filters\Filters.php(181): CodeIgniter\Filters\CSRF->before(Object(CodeIgniter\HTTP\IncomingRequest), NULL)
#3 C:\xampp1\htdocs\learnotronix\vendor\codeigniter4\framework\system\CodeIgniter.php(410): CodeIgniter\Filters\Filters->run('user/add-bookma...', 'before')
#4 C:\xampp1\htdocs\learnotronix\vendor\codeigniter4\framework\system\CodeIgniter.php(339): CodeIgniter\CodeIgniter->handleRequest(NULL, Object(Config\Cache), false)
#5 C:\xampp1\htdocs\learnotronix\index.php(36): CodeIgniter\CodeIgniter->run()
#6 {main}
CRITICAL - 2022-09-19 14:32:14 --> The action you requested is not allowed.
#0 C:\xampp1\htdocs\learnotronix\vendor\codeigniter4\framework\system\Security\Security.php(240): CodeIgniter\Security\Exceptions\SecurityException::forDisallowedAction()
#1 C:\xampp1\htdocs\learnotronix\vendor\codeigniter4\framework\system\Filters\CSRF.php(57): CodeIgniter\Security\Security->verify(Object(CodeIgniter\HTTP\IncomingRequest))
#2 C:\xampp1\htdocs\learnotronix\vendor\codeigniter4\framework\system\Filters\Filters.php(181): CodeIgniter\Filters\CSRF->before(Object(CodeIgniter\HTTP\IncomingRequest), NULL)
#3 C:\xampp1\htdocs\learnotronix\vendor\codeigniter4\framework\system\CodeIgniter.php(410): CodeIgniter\Filters\Filters->run('user/add-bookma...', 'before')
#4 C:\xampp1\htdocs\learnotronix\vendor\codeigniter4\framework\system\CodeIgniter.php(339): CodeIgniter\CodeIgniter->handleRequest(NULL, Object(Config\Cache), false)
#5 C:\xampp1\htdocs\learnotronix\index.php(36): CodeIgniter\CodeIgniter->run()
#6 {main}
ERROR - 2022-09-19 14:37:13 --> Unknown column 'course_id' in 'where clause'
CRITICAL - 2022-09-19 14:37:13 --> Unknown column 'course_id' in 'where clause'
#0 C:\xampp1\htdocs\learnotronix\vendor\codeigniter4\framework\system\Database\MySQLi\Connection.php(329): mysqli->query('SELECT *\nFROM `...')
#1 C:\xampp1\htdocs\learnotronix\vendor\codeigniter4\framework\system\Database\BaseConnection.php(732): CodeIgniter\Database\MySQLi\Connection->execute('SELECT *\nFROM `...')
#2 C:\xampp1\htdocs\learnotronix\vendor\codeigniter4\framework\system\Database\BaseConnection.php(647): CodeIgniter\Database\BaseConnection->simpleQuery('SELECT *\nFROM `...')
#3 C:\xampp1\htdocs\learnotronix\vendor\codeigniter4\framework\system\Database\BaseBuilder.php(1881): CodeIgniter\Database\BaseConnection->query('SELECT *\nFROM `...', Array, false)
#4 C:\xampp1\htdocs\learnotronix\vendor\codeigniter4\framework\system\Model.php(228): CodeIgniter\Database\BaseBuilder->get()
#5 C:\xampp1\htdocs\learnotronix\vendor\codeigniter4\framework\system\BaseModel.php(644): CodeIgniter\Model->doFirst()
#6 C:\xampp1\htdocs\learnotronix\app\Controllers\api\v1\student\BookmarkResource.php(145): CodeIgniter\BaseModel->first()
#7 C:\xampp1\htdocs\learnotronix\vendor\codeigniter4\framework\system\CodeIgniter.php(931): App\Controllers\api\v1\student\BookmarkResource->create()
#8 C:\xampp1\htdocs\learnotronix\vendor\codeigniter4\framework\system\CodeIgniter.php(439): CodeIgniter\CodeIgniter->runController(Object(App\Controllers\api\v1\student\BookmarkResource))
#9 C:\xampp1\htdocs\learnotronix\vendor\codeigniter4\framework\system\CodeIgniter.php(339): CodeIgniter\CodeIgniter->handleRequest(NULL, Object(Config\Cache), false)
#10 C:\xampp1\htdocs\learnotronix\index.php(36): CodeIgniter\CodeIgniter->run()
#11 {main}
CRITICAL - 2022-09-19 14:46:06 --> Call to undefined method App\Models\Api\V1\BookmarkModel::catjoinone
#0 C:\xampp1\htdocs\learnotronix\app\Controllers\api\v1\student\BookmarkResource.php(90): CodeIgniter\Model->__call('catjoinone', Array)
#1 C:\xampp1\htdocs\learnotronix\vendor\codeigniter4\framework\system\CodeIgniter.php(931): App\Controllers\api\v1\student\BookmarkResource->show('1')
#2 C:\xampp1\htdocs\learnotronix\vendor\codeigniter4\framework\system\CodeIgniter.php(439): CodeIgniter\CodeIgniter->runController(Object(App\Controllers\api\v1\student\BookmarkResource))
#3 C:\xampp1\htdocs\learnotronix\vendor\codeigniter4\framework\system\CodeIgniter.php(339): CodeIgniter\CodeIgniter->handleRequest(NULL, Object(Config\Cache), false)
#4 C:\xampp1\htdocs\learnotronix\index.php(36): CodeIgniter\CodeIgniter->run()
#5 {main}
CRITICAL - 2022-09-19 14:46:10 --> Call to undefined method App\Models\Api\V1\BookmarkModel::catjoinone
#0 C:\xampp1\htdocs\learnotronix\app\Controllers\api\v1\student\BookmarkResource.php(90): CodeIgniter\Model->__call('catjoinone', Array)
#1 C:\xampp1\htdocs\learnotronix\vendor\codeigniter4\framework\system\CodeIgniter.php(931): App\Controllers\api\v1\student\BookmarkResource->show('1')
#2 C:\xampp1\htdocs\learnotronix\vendor\codeigniter4\framework\system\CodeIgniter.php(439): CodeIgniter\CodeIgniter->runController(Object(App\Controllers\api\v1\student\BookmarkResource))
#3 C:\xampp1\htdocs\learnotronix\vendor\codeigniter4\framework\system\CodeIgniter.php(339): CodeIgniter\CodeIgniter->handleRequest(NULL, Object(Config\Cache), false)
#4 C:\xampp1\htdocs\learnotronix\index.php(36): CodeIgniter\CodeIgniter->run()
#5 {main}
CRITICAL - 2022-09-19 14:46:11 --> Call to undefined method App\Models\Api\V1\BookmarkModel::catjoinone
#0 C:\xampp1\htdocs\learnotronix\app\Controllers\api\v1\student\BookmarkResource.php(90): CodeIgniter\Model->__call('catjoinone', Array)
#1 C:\xampp1\htdocs\learnotronix\vendor\codeigniter4\framework\system\CodeIgniter.php(931): App\Controllers\api\v1\student\BookmarkResource->show('1')
#2 C:\xampp1\htdocs\learnotronix\vendor\codeigniter4\framework\system\CodeIgniter.php(439): CodeIgniter\CodeIgniter->runController(Object(App\Controllers\api\v1\student\BookmarkResource))
#3 C:\xampp1\htdocs\learnotronix\vendor\codeigniter4\framework\system\CodeIgniter.php(339): CodeIgniter\CodeIgniter->handleRequest(NULL, Object(Config\Cache), false)
#4 C:\xampp1\htdocs\learnotronix\index.php(36): CodeIgniter\CodeIgniter->run()
#5 {main}
CRITICAL - 2022-09-19 14:56:13 --> Undefined index: 
#0 C:\xampp1\htdocs\learnotronix\app\Views\frontend\v1\student\my_bookmarks.php(24): CodeIgniter\Debug\Exceptions->errorHandler(8, 'Undefined index...', 'C:\\xampp1\\htdoc...', 24, Array)
#1 C:\xampp1\htdocs\learnotronix\vendor\codeigniter4\framework\system\View\View.php(230): include('C:\\xampp1\\htdoc...')
#2 C:\xampp1\htdocs\learnotronix\vendor\codeigniter4\framework\system\View\View.php(232): CodeIgniter\View\View->CodeIgniter\View\{closure}()
#3 C:\xampp1\htdocs\learnotronix\vendor\codeigniter4\framework\system\Common.php(1250): CodeIgniter\View\View->render('frontend/v1/stu...', Array, true)
#4 C:\xampp1\htdocs\learnotronix\app\Controllers\frontend\v1\student\StudentController.php(32): view('frontend/v1/stu...', Array)
#5 C:\xampp1\htdocs\learnotronix\vendor\codeigniter4\framework\system\CodeIgniter.php(931): App\Controllers\frontend\v1\student\StudentController->My_Bookmarks()
#6 C:\xampp1\htdocs\learnotronix\vendor\codeigniter4\framework\system\CodeIgniter.php(439): CodeIgniter\CodeIgniter->runController(Object(App\Controllers\frontend\v1\student\StudentController))
#7 C:\xampp1\htdocs\learnotronix\vendor\codeigniter4\framework\system\CodeIgniter.php(339): CodeIgniter\CodeIgniter->handleRequest(NULL, Object(Config\Cache), false)
#8 C:\xampp1\htdocs\learnotronix\index.php(36): CodeIgniter\CodeIgniter->run()
#9 {main}
CRITICAL - 2022-09-19 15:27:58 --> The action you requested is not allowed.
#0 C:\xampp1\htdocs\learnotronix\vendor\codeigniter4\framework\system\Security\Security.php(240): CodeIgniter\Security\Exceptions\SecurityException::forDisallowedAction()
#1 C:\xampp1\htdocs\learnotronix\vendor\codeigniter4\framework\system\Filters\CSRF.php(57): CodeIgniter\Security\Security->verify(Object(CodeIgniter\HTTP\IncomingRequest))
#2 C:\xampp1\htdocs\learnotronix\vendor\codeigniter4\framework\system\Filters\Filters.php(181): CodeIgniter\Filters\CSRF->before(Object(CodeIgniter\HTTP\IncomingRequest), NULL)
#3 C:\xampp1\htdocs\learnotronix\vendor\codeigniter4\framework\system\CodeIgniter.php(410): CodeIgniter\Filters\Filters->run('user/delete-boo...', 'before')
#4 C:\xampp1\htdocs\learnotronix\vendor\codeigniter4\framework\system\CodeIgniter.php(339): CodeIgniter\CodeIgniter->handleRequest(NULL, Object(Config\Cache), false)
#5 C:\xampp1\htdocs\learnotronix\index.php(36): CodeIgniter\CodeIgniter->run()
#6 {main}
CRITICAL - 2022-09-19 15:58:25 --> Undefined index: data
#0 C:\xampp1\htdocs\learnotronix\app\Views\frontend\v1\student\my_bookmarks.php(19): CodeIgniter\Debug\Exceptions->errorHandler(8, 'Undefined index...', 'C:\\xampp1\\htdoc...', 19, Array)
#1 C:\xampp1\htdocs\learnotronix\vendor\codeigniter4\framework\system\View\View.php(230): include('C:\\xampp1\\htdoc...')
#2 C:\xampp1\htdocs\learnotronix\vendor\codeigniter4\framework\system\View\View.php(232): CodeIgniter\View\View->CodeIgniter\View\{closure}()
#3 C:\xampp1\htdocs\learnotronix\vendor\codeigniter4\framework\system\Common.php(1250): CodeIgniter\View\View->render('frontend/v1/stu...', Array, true)
#4 C:\xampp1\htdocs\learnotronix\app\Controllers\frontend\v1\student\StudentController.php(32): view('frontend/v1/stu...', Array)
#5 C:\xampp1\htdocs\learnotronix\vendor\codeigniter4\framework\system\CodeIgniter.php(931): App\Controllers\frontend\v1\student\StudentController->My_Bookmarks()
#6 C:\xampp1\htdocs\learnotronix\vendor\codeigniter4\framework\system\CodeIgniter.php(439): CodeIgniter\CodeIgniter->runController(Object(App\Controllers\frontend\v1\student\StudentController))
#7 C:\xampp1\htdocs\learnotronix\vendor\codeigniter4\framework\system\CodeIgniter.php(339): CodeIgniter\CodeIgniter->handleRequest(NULL, Object(Config\Cache), false)
#8 C:\xampp1\htdocs\learnotronix\index.php(36): CodeIgniter\CodeIgniter->run()
#9 {main}
