CRITICAL - 2023-05-11 22:53:49 --> Uncaught ErrorException: Undefined variable $viewFile in C:\xampp_new\htdocs\cast_india\vendor\codeigniter4\framework\system\Debug\Exceptions.php:278
Stack trace:
#0 C:\xampp_new\htdocs\cast_india\vendor\codeigniter4\framework\system\Debug\Exceptions.php(278): CodeIgniter\Debug\Exceptions->errorHandler(2, 'Undefined varia...', 'C:\\xampp_new\\ht...', 278)
#1 C:\xampp_new\htdocs\cast_india\vendor\codeigniter4\framework\system\Debug\Exceptions.php(278): include()
#2 C:\xampp_new\htdocs\cast_india\vendor\codeigniter4\framework\system\Debug\Exceptions.php(147): CodeIgniter\Debug\Exceptions->render(Object(CodeIgniter\Exceptions\PageNotFoundException), 404)
#3 [internal function]: CodeIgniter\Debug\Exceptions->exceptionHandler(Object(CodeIgniter\Exceptions\PageNotFoundException))
#4 {main}

Next ValueError: Path cannot be empty in C:\xampp_new\htdocs\cast_india\vendor\codeigniter4\framework\system\Debug\Exceptions.php:278
Stack trace:
#0 C:\xampp_new\htdocs\cast_india\vendor\codeigniter4\framework\system\Debug\Exceptions.php(147): CodeIgniter\Debug\Exceptions->render(Object(CodeIgniter\Exceptions\PageNotFoundException), 404)
#1 [internal function]: CodeIgniter\Debug\Exceptions->exceptionHandler(Object(CodeIgniter\Exceptions\PageNotFoundException))
#2 {main}
  thrown
#0 [internal function]: CodeIgniter\Debug\Exceptions->shutdownHandler()
#1 {main}
CRITICAL - 2023-05-11 22:55:20 --> Uncaught ErrorException: Undefined variable $viewFile in C:\xampp_new\htdocs\cast_india\vendor\codeigniter4\framework\system\Debug\Exceptions.php:278
Stack trace:
#0 C:\xampp_new\htdocs\cast_india\vendor\codeigniter4\framework\system\Debug\Exceptions.php(278): CodeIgniter\Debug\Exceptions->errorHandler(2, 'Undefined varia...', 'C:\\xampp_new\\ht...', 278)
#1 C:\xampp_new\htdocs\cast_india\vendor\codeigniter4\framework\system\Debug\Exceptions.php(278): include()
#2 C:\xampp_new\htdocs\cast_india\vendor\codeigniter4\framework\system\Debug\Exceptions.php(147): CodeIgniter\Debug\Exceptions->render(Object(CodeIgniter\Exceptions\PageNotFoundException), 404)
#3 [internal function]: CodeIgniter\Debug\Exceptions->exceptionHandler(Object(CodeIgniter\Exceptions\PageNotFoundException))
#4 {main}

Next ValueError: Path cannot be empty in C:\xampp_new\htdocs\cast_india\vendor\codeigniter4\framework\system\Debug\Exceptions.php:278
Stack trace:
#0 C:\xampp_new\htdocs\cast_india\vendor\codeigniter4\framework\system\Debug\Exceptions.php(147): CodeIgniter\Debug\Exceptions->render(Object(CodeIgniter\Exceptions\PageNotFoundException), 404)
#1 [internal function]: CodeIgniter\Debug\Exceptions->exceptionHandler(Object(CodeIgniter\Exceptions\PageNotFoundException))
#2 {main}
  thrown
#0 [internal function]: CodeIgniter\Debug\Exceptions->shutdownHandler()
#1 {main}
CRITICAL - 2023-05-11 23:02:06 --> syntax error, unexpected variable "$routes"
#0 C:\xampp_new\htdocs\cast_india\vendor\codeigniter4\framework\system\CodeIgniter.php(392): CodeIgniter\CodeIgniter->tryToRouteIt(NULL)
#1 C:\xampp_new\htdocs\cast_india\vendor\codeigniter4\framework\system\CodeIgniter.php(339): CodeIgniter\CodeIgniter->handleRequest(NULL, Object(Config\Cache), false)
#2 C:\xampp_new\htdocs\cast_india\index.php(36): CodeIgniter\CodeIgniter->run()
#3 {main}
CRITICAL - 2023-05-11 23:02:06 --> Uncaught ErrorException: Undefined variable $viewFile in C:\xampp_new\htdocs\cast_india\vendor\codeigniter4\framework\system\Debug\Exceptions.php:278
Stack trace:
#0 C:\xampp_new\htdocs\cast_india\vendor\codeigniter4\framework\system\Debug\Exceptions.php(278): CodeIgniter\Debug\Exceptions->errorHandler(2, 'Undefined varia...', 'C:\\xampp_new\\ht...', 278)
#1 C:\xampp_new\htdocs\cast_india\vendor\codeigniter4\framework\system\Debug\Exceptions.php(278): include()
#2 C:\xampp_new\htdocs\cast_india\vendor\codeigniter4\framework\system\Debug\Exceptions.php(147): CodeIgniter\Debug\Exceptions->render(Object(ParseError), 500)
#3 [internal function]: CodeIgniter\Debug\Exceptions->exceptionHandler(Object(ParseError))
#4 {main}

Next ValueError: Path cannot be empty in C:\xampp_new\htdocs\cast_india\vendor\codeigniter4\framework\system\Debug\Exceptions.php:278
Stack trace:
#0 C:\xampp_new\htdocs\cast_india\vendor\codeigniter4\framework\system\Debug\Exceptions.php(147): CodeIgniter\Debug\Exceptions->render(Object(ParseError), 500)
#1 [internal function]: CodeIgniter\Debug\Exceptions->exceptionHandler(Object(ParseError))
#2 {main}
  thrown
#0 [internal function]: CodeIgniter\Debug\Exceptions->shutdownHandler()
#1 {main}
CRITICAL - 2023-05-11 23:02:09 --> syntax error, unexpected variable "$routes"
#0 C:\xampp_new\htdocs\cast_india\vendor\codeigniter4\framework\system\CodeIgniter.php(392): CodeIgniter\CodeIgniter->tryToRouteIt(NULL)
#1 C:\xampp_new\htdocs\cast_india\vendor\codeigniter4\framework\system\CodeIgniter.php(339): CodeIgniter\CodeIgniter->handleRequest(NULL, Object(Config\Cache), false)
#2 C:\xampp_new\htdocs\cast_india\index.php(36): CodeIgniter\CodeIgniter->run()
#3 {main}
CRITICAL - 2023-05-11 23:02:09 --> Uncaught ErrorException: Undefined variable $viewFile in C:\xampp_new\htdocs\cast_india\vendor\codeigniter4\framework\system\Debug\Exceptions.php:278
Stack trace:
#0 C:\xampp_new\htdocs\cast_india\vendor\codeigniter4\framework\system\Debug\Exceptions.php(278): CodeIgniter\Debug\Exceptions->errorHandler(2, 'Undefined varia...', 'C:\\xampp_new\\ht...', 278)
#1 C:\xampp_new\htdocs\cast_india\vendor\codeigniter4\framework\system\Debug\Exceptions.php(278): include()
#2 C:\xampp_new\htdocs\cast_india\vendor\codeigniter4\framework\system\Debug\Exceptions.php(147): CodeIgniter\Debug\Exceptions->render(Object(ParseError), 500)
#3 [internal function]: CodeIgniter\Debug\Exceptions->exceptionHandler(Object(ParseError))
#4 {main}

Next ValueError: Path cannot be empty in C:\xampp_new\htdocs\cast_india\vendor\codeigniter4\framework\system\Debug\Exceptions.php:278
Stack trace:
#0 C:\xampp_new\htdocs\cast_india\vendor\codeigniter4\framework\system\Debug\Exceptions.php(147): CodeIgniter\Debug\Exceptions->render(Object(ParseError), 500)
#1 [internal function]: CodeIgniter\Debug\Exceptions->exceptionHandler(Object(ParseError))
#2 {main}
  thrown
#0 [internal function]: CodeIgniter\Debug\Exceptions->shutdownHandler()
#1 {main}
CRITICAL - 2023-05-11 23:03:27 --> syntax error, unexpected token "}", expecting ";"
#0 C:\xampp_new\htdocs\cast_india\vendor\codeigniter4\framework\system\Autoloader\Autoloader.php(282): CodeIgniter\Autoloader\Autoloader->includeFile('C:\\xampp_new\\ht...')
#1 C:\xampp_new\htdocs\cast_india\vendor\codeigniter4\framework\system\Autoloader\Autoloader.php(247): CodeIgniter\Autoloader\Autoloader->loadInNamespace('App\\Controllers...')
#2 [internal function]: CodeIgniter\Autoloader\Autoloader->loadClass('App\\Controllers...')
#3 C:\xampp_new\htdocs\cast_india\vendor\codeigniter4\framework\system\CodeIgniter.php(888): class_exists('\\App\\Controller...', true)
#4 C:\xampp_new\htdocs\cast_india\vendor\codeigniter4\framework\system\CodeIgniter.php(424): CodeIgniter\CodeIgniter->startController()
#5 C:\xampp_new\htdocs\cast_india\vendor\codeigniter4\framework\system\CodeIgniter.php(339): CodeIgniter\CodeIgniter->handleRequest(NULL, Object(Config\Cache), false)
#6 C:\xampp_new\htdocs\cast_india\index.php(36): CodeIgniter\CodeIgniter->run()
#7 {main}
CRITICAL - 2023-05-11 23:03:27 --> Uncaught ErrorException: Undefined variable $viewFile in C:\xampp_new\htdocs\cast_india\vendor\codeigniter4\framework\system\Debug\Exceptions.php:278
Stack trace:
#0 C:\xampp_new\htdocs\cast_india\vendor\codeigniter4\framework\system\Debug\Exceptions.php(278): CodeIgniter\Debug\Exceptions->errorHandler(2, 'Undefined varia...', 'C:\\xampp_new\\ht...', 278)
#1 C:\xampp_new\htdocs\cast_india\vendor\codeigniter4\framework\system\Debug\Exceptions.php(278): include()
#2 C:\xampp_new\htdocs\cast_india\vendor\codeigniter4\framework\system\Debug\Exceptions.php(147): CodeIgniter\Debug\Exceptions->render(Object(ParseError), 500)
#3 [internal function]: CodeIgniter\Debug\Exceptions->exceptionHandler(Object(ParseError))
#4 {main}

Next ValueError: Path cannot be empty in C:\xampp_new\htdocs\cast_india\vendor\codeigniter4\framework\system\Debug\Exceptions.php:278
Stack trace:
#0 C:\xampp_new\htdocs\cast_india\vendor\codeigniter4\framework\system\Debug\Exceptions.php(147): CodeIgniter\Debug\Exceptions->render(Object(ParseError), 500)
#1 [internal function]: CodeIgniter\Debug\Exceptions->exceptionHandler(Object(ParseError))
#2 {main}
  thrown
#0 [internal function]: CodeIgniter\Debug\Exceptions->shutdownHandler()
#1 {main}
CRITICAL - 2023-05-11 23:04:28 --> syntax error, unexpected token "}", expecting ";"
#0 C:\xampp_new\htdocs\cast_india\vendor\codeigniter4\framework\system\Autoloader\Autoloader.php(282): CodeIgniter\Autoloader\Autoloader->includeFile('C:\\xampp_new\\ht...')
#1 C:\xampp_new\htdocs\cast_india\vendor\codeigniter4\framework\system\Autoloader\Autoloader.php(247): CodeIgniter\Autoloader\Autoloader->loadInNamespace('App\\Controllers...')
#2 [internal function]: CodeIgniter\Autoloader\Autoloader->loadClass('App\\Controllers...')
#3 C:\xampp_new\htdocs\cast_india\vendor\codeigniter4\framework\system\CodeIgniter.php(888): class_exists('\\App\\Controller...', true)
#4 C:\xampp_new\htdocs\cast_india\vendor\codeigniter4\framework\system\CodeIgniter.php(424): CodeIgniter\CodeIgniter->startController()
#5 C:\xampp_new\htdocs\cast_india\vendor\codeigniter4\framework\system\CodeIgniter.php(339): CodeIgniter\CodeIgniter->handleRequest(NULL, Object(Config\Cache), false)
#6 C:\xampp_new\htdocs\cast_india\index.php(36): CodeIgniter\CodeIgniter->run()
#7 {main}
CRITICAL - 2023-05-11 23:04:28 --> Uncaught ErrorException: Undefined variable $viewFile in C:\xampp_new\htdocs\cast_india\vendor\codeigniter4\framework\system\Debug\Exceptions.php:278
Stack trace:
#0 C:\xampp_new\htdocs\cast_india\vendor\codeigniter4\framework\system\Debug\Exceptions.php(278): CodeIgniter\Debug\Exceptions->errorHandler(2, 'Undefined varia...', 'C:\\xampp_new\\ht...', 278)
#1 C:\xampp_new\htdocs\cast_india\vendor\codeigniter4\framework\system\Debug\Exceptions.php(278): include()
#2 C:\xampp_new\htdocs\cast_india\vendor\codeigniter4\framework\system\Debug\Exceptions.php(147): CodeIgniter\Debug\Exceptions->render(Object(ParseError), 500)
#3 [internal function]: CodeIgniter\Debug\Exceptions->exceptionHandler(Object(ParseError))
#4 {main}

Next ValueError: Path cannot be empty in C:\xampp_new\htdocs\cast_india\vendor\codeigniter4\framework\system\Debug\Exceptions.php:278
Stack trace:
#0 C:\xampp_new\htdocs\cast_india\vendor\codeigniter4\framework\system\Debug\Exceptions.php(147): CodeIgniter\Debug\Exceptions->render(Object(ParseError), 500)
#1 [internal function]: CodeIgniter\Debug\Exceptions->exceptionHandler(Object(ParseError))
#2 {main}
  thrown
#0 [internal function]: CodeIgniter\Debug\Exceptions->shutdownHandler()
#1 {main}
CRITICAL - 2023-05-11 23:13:45 --> Uncaught ErrorException: Undefined variable $viewFile in C:\xampp_new\htdocs\cast_india\vendor\codeigniter4\framework\system\Debug\Exceptions.php:278
Stack trace:
#0 C:\xampp_new\htdocs\cast_india\vendor\codeigniter4\framework\system\Debug\Exceptions.php(278): CodeIgniter\Debug\Exceptions->errorHandler(2, 'Undefined varia...', 'C:\\xampp_new\\ht...', 278)
#1 C:\xampp_new\htdocs\cast_india\vendor\codeigniter4\framework\system\Debug\Exceptions.php(278): include()
#2 C:\xampp_new\htdocs\cast_india\vendor\codeigniter4\framework\system\Debug\Exceptions.php(147): CodeIgniter\Debug\Exceptions->render(Object(CodeIgniter\Exceptions\PageNotFoundException), 404)
#3 [internal function]: CodeIgniter\Debug\Exceptions->exceptionHandler(Object(CodeIgniter\Exceptions\PageNotFoundException))
#4 {main}

Next ValueError: Path cannot be empty in C:\xampp_new\htdocs\cast_india\vendor\codeigniter4\framework\system\Debug\Exceptions.php:278
Stack trace:
#0 C:\xampp_new\htdocs\cast_india\vendor\codeigniter4\framework\system\Debug\Exceptions.php(147): CodeIgniter\Debug\Exceptions->render(Object(CodeIgniter\Exceptions\PageNotFoundException), 404)
#1 [internal function]: CodeIgniter\Debug\Exceptions->exceptionHandler(Object(CodeIgniter\Exceptions\PageNotFoundException))
#2 {main}
  thrown
#0 [internal function]: CodeIgniter\Debug\Exceptions->shutdownHandler()
#1 {main}
